[    1677ms] [ERROR] Failed to load resource: the server responded with a status of 404 () @ https://polar.sh/docs?_rsc=xwm9p:0
[    9305ms] [WARNING] The resource https://polar.sh/fonts/InterDisplay-Regular.woff2 was preloaded using link preload but not used within a few seconds from the window's load event. Please make sure it has an appropriate `as` value and it is preloaded intentionally. @ https://polar.sh/dashboard/molinesdesigns/finance/account:0
[    9305ms] [WARNING] The resource https://polar.sh/fonts/Inter-Regular.woff2 was preloaded using link preload but not used within a few seconds from the window's load event. Please make sure it has an appropriate `as` value and it is preloaded intentionally. @ https://polar.sh/dashboard/molinesdesigns/finance/account:0
[    9305ms] [WARNING] The resource https://polar.sh/fonts/Inter-Medium.woff2 was preloaded using link preload but not used within a few seconds from the window's load event. Please make sure it has an appropriate `as` value and it is preloaded intentionally. @ https://polar.sh/dashboard/molinesdesigns/finance/account:0
[    9305ms] [WARNING] The resource https://polar.sh/fonts/InterDisplay-SemiBold.woff2 was preloaded using link preload but not used within a few seconds from the window's load event. Please make sure it has an appropriate `as` value and it is preloaded intentionally. @ https://polar.sh/dashboard/molinesdesigns/finance/account:0
[    9305ms] [WARNING] The resource https://polar.sh/fonts/Inter-Light.woff2 was preloaded using link preload but not used within a few seconds from the window's load event. Please make sure it has an appropriate `as` value and it is preloaded intentionally. @ https://polar.sh/dashboard/molinesdesigns/finance/account:0
[    9305ms] [WARNING] The resource https://polar.sh/fonts/InterDisplay-Medium.woff2 was preloaded using link preload but not used within a few seconds from the window's load event. Please make sure it has an appropriate `as` value and it is preloaded intentionally. @ https://polar.sh/dashboard/molinesdesigns/finance/account:0
[    9305ms] [WARNING] The resource https://polar.sh/fonts/Louize-Italic-205TF.otf was preloaded using link preload but not used within a few seconds from the window's load event. Please make sure it has an appropriate `as` value and it is preloaded intentionally. @ https://polar.sh/dashboard/molinesdesigns/finance/account:0
[    9305ms] [WARNING] The resource https://polar.sh/fonts/InterDisplay-Light.woff2 was preloaded using link preload but not used within a few seconds from the window's load event. Please make sure it has an appropriate `as` value and it is preloaded intentionally. @ https://polar.sh/dashboard/molinesdesigns/finance/account:0
[    9305ms] [WARNING] The resource https://polar.sh/fonts/GeistMono-Variable.woff2 was preloaded using link preload but not used within a few seconds from the window's load event. Please make sure it has an appropriate `as` value and it is preloaded intentionally. @ https://polar.sh/dashboard/molinesdesigns/finance/account:0
[    9305ms] [WARNING] The resource https://polar.sh/fonts/Inter-SemiBold.woff2 was preloaded using link preload but not used within a few seconds from the window's load event. Please make sure it has an appropriate `as` value and it is preloaded intentionally. @ https://polar.sh/dashboard/molinesdesigns/finance/account:0
[   16090ms] [WARNING] The resource https://polar.sh/fonts/InterDisplay-Regular.woff2 was preloaded using link preload but not used within a few seconds from the window's load event. Please make sure it has an appropriate `as` value and it is preloaded intentionally. @ https://polar.sh/dashboard/molinesdesigns/finance/account:0
[   16090ms] [WARNING] The resource https://polar.sh/fonts/Inter-Regular.woff2 was preloaded using link preload but not used within a few seconds from the window's load event. Please make sure it has an appropriate `as` value and it is preloaded intentionally. @ https://polar.sh/dashboard/molinesdesigns/finance/account:0
[   16090ms] [WARNING] The resource https://polar.sh/fonts/Inter-Medium.woff2 was preloaded using link preload but not used within a few seconds from the window's load event. Please make sure it has an appropriate `as` value and it is preloaded intentionally. @ https://polar.sh/dashboard/molinesdesigns/finance/account:0
[   16090ms] [WARNING] The resource https://polar.sh/fonts/InterDisplay-SemiBold.woff2 was preloaded using link preload but not used within a few seconds from the window's load event. Please make sure it has an appropriate `as` value and it is preloaded intentionally. @ https://polar.sh/dashboard/molinesdesigns/finance/account:0
[   16090ms] [WARNING] The resource https://polar.sh/fonts/Inter-Light.woff2 was preloaded using link preload but not used within a few seconds from the window's load event. Please make sure it has an appropriate `as` value and it is preloaded intentionally. @ https://polar.sh/dashboard/molinesdesigns/finance/account:0
[   16090ms] [WARNING] The resource https://polar.sh/fonts/InterDisplay-Medium.woff2 was preloaded using link preload but not used within a few seconds from the window's load event. Please make sure it has an appropriate `as` value and it is preloaded intentionally. @ https://polar.sh/dashboard/molinesdesigns/finance/account:0
[   16090ms] [WARNING] The resource https://polar.sh/fonts/Louize-Italic-205TF.otf was preloaded using link preload but not used within a few seconds from the window's load event. Please make sure it has an appropriate `as` value and it is preloaded intentionally. @ https://polar.sh/dashboard/molinesdesigns/finance/account:0
[   16090ms] [WARNING] The resource https://polar.sh/fonts/InterDisplay-Light.woff2 was preloaded using link preload but not used within a few seconds from the window's load event. Please make sure it has an appropriate `as` value and it is preloaded intentionally. @ https://polar.sh/dashboard/molinesdesigns/finance/account:0
[   16090ms] [WARNING] The resource https://polar.sh/fonts/GeistMono-Variable.woff2 was preloaded using link preload but not used within a few seconds from the window's load event. Please make sure it has an appropriate `as` value and it is preloaded intentionally. @ https://polar.sh/dashboard/molinesdesigns/finance/account:0
[   16090ms] [WARNING] The resource https://polar.sh/fonts/Inter-SemiBold.woff2 was preloaded using link preload but not used within a few seconds from the window's load event. Please make sure it has an appropriate `as` value and it is preloaded intentionally. @ https://polar.sh/dashboard/molinesdesigns/finance/account:0
[   20255ms] [WARNING] The resource https://polar.sh/fonts/InterDisplay-Regular.woff2 was preloaded using link preload but not used within a few seconds from the window's load event. Please make sure it has an appropriate `as` value and it is preloaded intentionally. @ https://polar.sh/dashboard/molinesdesigns/finance/account:0
[   20255ms] [WARNING] The resource https://polar.sh/fonts/Inter-Regular.woff2 was preloaded using link preload but not used within a few seconds from the window's load event. Please make sure it has an appropriate `as` value and it is preloaded intentionally. @ https://polar.sh/dashboard/molinesdesigns/finance/account:0
[   20255ms] [WARNING] The resource https://polar.sh/fonts/Inter-Medium.woff2 was preloaded using link preload but not used within a few seconds from the window's load event. Please make sure it has an appropriate `as` value and it is preloaded intentionally. @ https://polar.sh/dashboard/molinesdesigns/finance/account:0
[   20255ms] [WARNING] The resource https://polar.sh/fonts/InterDisplay-SemiBold.woff2 was preloaded using link preload but not used within a few seconds from the window's load event. Please make sure it has an appropriate `as` value and it is preloaded intentionally. @ https://polar.sh/dashboard/molinesdesigns/finance/account:0
[   20255ms] [WARNING] The resource https://polar.sh/fonts/Inter-Light.woff2 was preloaded using link preload but not used within a few seconds from the window's load event. Please make sure it has an appropriate `as` value and it is preloaded intentionally. @ https://polar.sh/dashboard/molinesdesigns/finance/account:0
[   20255ms] [WARNING] The resource https://polar.sh/fonts/InterDisplay-Medium.woff2 was preloaded using link preload but not used within a few seconds from the window's load event. Please make sure it has an appropriate `as` value and it is preloaded intentionally. @ https://polar.sh/dashboard/molinesdesigns/finance/account:0
[   20255ms] [WARNING] The resource https://polar.sh/fonts/Louize-Italic-205TF.otf was preloaded using link preload but not used within a few seconds from the window's load event. Please make sure it has an appropriate `as` value and it is preloaded intentionally. @ https://polar.sh/dashboard/molinesdesigns/finance/account:0
[   20255ms] [WARNING] The resource https://polar.sh/fonts/InterDisplay-Light.woff2 was preloaded using link preload but not used within a few seconds from the window's load event. Please make sure it has an appropriate `as` value and it is preloaded intentionally. @ https://polar.sh/dashboard/molinesdesigns/finance/account:0
[   20255ms] [WARNING] The resource https://polar.sh/fonts/GeistMono-Variable.woff2 was preloaded using link preload but not used within a few seconds from the window's load event. Please make sure it has an appropriate `as` value and it is preloaded intentionally. @ https://polar.sh/dashboard/molinesdesigns/finance/account:0
[   20255ms] [WARNING] The resource https://polar.sh/fonts/Inter-SemiBold.woff2 was preloaded using link preload but not used within a few seconds from the window's load event. Please make sure it has an appropriate `as` value and it is preloaded intentionally. @ https://polar.sh/dashboard/molinesdesigns/finance/account:0
[   31375ms] [WARNING] The resource https://polar.sh/fonts/InterDisplay-Regular.woff2 was preloaded using link preload but not used within a few seconds from the window's load event. Please make sure it has an appropriate `as` value and it is preloaded intentionally. @ https://polar.sh/dashboard/molinesdesigns/finance/account:0
[   31375ms] [WARNING] The resource https://polar.sh/fonts/Inter-Regular.woff2 was preloaded using link preload but not used within a few seconds from the window's load event. Please make sure it has an appropriate `as` value and it is preloaded intentionally. @ https://polar.sh/dashboard/molinesdesigns/finance/account:0
[   31375ms] [WARNING] The resource https://polar.sh/fonts/Inter-Medium.woff2 was preloaded using link preload but not used within a few seconds from the window's load event. Please make sure it has an appropriate `as` value and it is preloaded intentionally. @ https://polar.sh/dashboard/molinesdesigns/finance/account:0
[   31375ms] [WARNING] The resource https://polar.sh/fonts/InterDisplay-SemiBold.woff2 was preloaded using link preload but not used within a few seconds from the window's load event. Please make sure it has an appropriate `as` value and it is preloaded intentionally. @ https://polar.sh/dashboard/molinesdesigns/finance/account:0
[   31375ms] [WARNING] The resource https://polar.sh/fonts/Inter-Light.woff2 was preloaded using link preload but not used within a few seconds from the window's load event. Please make sure it has an appropriate `as` value and it is preloaded intentionally. @ https://polar.sh/dashboard/molinesdesigns/finance/account:0
[   31375ms] [WARNING] The resource https://polar.sh/fonts/InterDisplay-Medium.woff2 was preloaded using link preload but not used within a few seconds from the window's load event. Please make sure it has an appropriate `as` value and it is preloaded intentionally. @ https://polar.sh/dashboard/molinesdesigns/finance/account:0
[   31375ms] [WARNING] The resource https://polar.sh/fonts/Louize-Italic-205TF.otf was preloaded using link preload but not used within a few seconds from the window's load event. Please make sure it has an appropriate `as` value and it is preloaded intentionally. @ https://polar.sh/dashboard/molinesdesigns/finance/account:0
[   31375ms] [WARNING] The resource https://polar.sh/fonts/InterDisplay-Light.woff2 was preloaded using link preload but not used within a few seconds from the window's load event. Please make sure it has an appropriate `as` value and it is preloaded intentionally. @ https://polar.sh/dashboard/molinesdesigns/finance/account:0
[   31375ms] [WARNING] The resource https://polar.sh/fonts/GeistMono-Variable.woff2 was preloaded using link preload but not used within a few seconds from the window's load event. Please make sure it has an appropriate `as` value and it is preloaded intentionally. @ https://polar.sh/dashboard/molinesdesigns/finance/account:0
[   31375ms] [WARNING] The resource https://polar.sh/fonts/Inter-SemiBold.woff2 was preloaded using link preload but not used within a few seconds from the window's load event. Please make sure it has an appropriate `as` value and it is preloaded intentionally. @ https://polar.sh/dashboard/molinesdesigns/finance/account:0
[   38815ms] [LOG] recaptchacompat disabled @ https://b.stripecdn.com/connect-fe-statics-srv/assets/connect-flows.okvelxn4hks605an.js:59
[  109092ms] [ERROR] Framing 'https://docs.stripe.com/' violates the following Content Security Policy directive: "frame-ancestors 'self' https://docs-edit.corp.stripe.com https://markdraft.corp.stripe.com". The request has been blocked.
 @ :0
[  109093ms] [ERROR] Framing 'https://docs.stripe.com/' violates the following report-only Content Security Policy directive: "frame-ancestors 'self' https://docs-edit.corp.stripe.com https://markdraft.corp.stripe.com". The violation has been logged, but no further action has been taken.
 @ :0
[  109203ms] [ERROR] Framing 'https://stripe.com/' violates the following Content Security Policy directive: "frame-ancestors 'self' https://app.contentful.com". The request has been blocked.
 @ :0
[  109231ms] [ERROR] Framing 'https://access.stripe.com/' violates the following Content Security Policy directive: "frame-ancestors https://dashboard.stripe.com https://access.stripe.com". The request has been blocked.
 @ :0
[  109321ms] [ERROR] Framing 'https://marketplace.stripe.com/' violates the following Content Security Policy directive: "frame-ancestors 'self'". The request has been blocked.
 @ :0
[  109397ms] [ERROR] Framing 'https://support.stripe.com/' violates the following Content Security Policy directive: "frame-ancestors 'self' https://dashboard.stripe.com". The request has been blocked.
 @ :0
[  110321ms] [ERROR] Framing 'https://stripe.com/' violates the following Content Security Policy directive: "frame-ancestors 'self' https://app.contentful.com". The request has been blocked.
 @ :0
[  110586ms] [ERROR] Framing 'https://support.stripe.com/' violates the following Content Security Policy directive: "frame-ancestors 'self' https://dashboard.stripe.com". The request has been blocked.
 @ :0
[  110588ms] [ERROR] Framing 'https://access.stripe.com/' violates the following Content Security Policy directive: "frame-ancestors https://dashboard.stripe.com https://access.stripe.com". The request has been blocked.
 @ :0
[  110590ms] [ERROR] Framing 'https://marketplace.stripe.com/' violates the following Content Security Policy directive: "frame-ancestors 'self'". The request has been blocked.
 @ :0
[  110596ms] [ERROR] Framing 'https://docs.stripe.com/' violates the following Content Security Policy directive: "frame-ancestors 'self' https://docs-edit.corp.stripe.com https://markdraft.corp.stripe.com". The request has been blocked.
 @ :0
[  110596ms] [ERROR] Framing 'https://docs.stripe.com/' violates the following report-only Content Security Policy directive: "frame-ancestors 'self' https://docs-edit.corp.stripe.com https://markdraft.corp.stripe.com". The violation has been logged, but no further action has been taken.
 @ :0
[  207391ms] [ERROR] Failed to load resource: the server responded with a status of 404 () @ https://polar.sh/docs?_rsc=xwm9p:0
[ 1540202ms] [WARNING] W0419 11:52:40.022000 1922656 face_landmarker_graph.cc:180] Sets FaceBlendshapesGraph acceleration to xnnpack by default. @ https://b.stripecdn.com/gelato-statics-srv/assets/static/js/vendors-base.f6556ff4.chunk.js:1
[ 1540230ms] [LOG] I0419 11:52:40.051000 1922656 gl_context.cc:386] GL version: 3.0 (OpenGL ES 3.0 (WebGL 2.0 (OpenGL ES 3.0 Chromium))), renderer: WebKit WebGL @ https://b.stripecdn.com/gelato-statics-srv/assets/static/js/vendors-base.f6556ff4.chunk.js:1
[ 1540230ms] [WARNING] W0419 11:52:40.052000 1922656 gl_context.cc:1072] OpenGL error checking is disabled @ https://b.stripecdn.com/gelato-statics-srv/assets/static/js/vendors-base.f6556ff4.chunk.js:1
[ 1540232ms] [LOG] Graph successfully started running. @ https://b.stripecdn.com/gelato-statics-srv/assets/static/js/vendors-base.f6556ff4.chunk.js:1
[266079796ms] [WARNING] W0422 13:21:39.617000 1922656 face_landmarker_graph.cc:180] Sets FaceBlendshapesGraph acceleration to xnnpack by default. @ https://b.stripecdn.com/gelato-statics-srv/assets/static/js/vendors-base.49988a0f.chunk.js:1
[266079816ms] [LOG] I0422 13:21:39.637000 1922656 gl_context.cc:386] GL version: 3.0 (OpenGL ES 3.0 (WebGL 2.0 (OpenGL ES 3.0 Chromium))), renderer: WebKit WebGL @ https://b.stripecdn.com/gelato-statics-srv/assets/static/js/vendors-base.49988a0f.chunk.js:1
[266079816ms] [WARNING] W0422 13:21:39.638000 1922656 gl_context.cc:1072] OpenGL error checking is disabled @ https://b.stripecdn.com/gelato-statics-srv/assets/static/js/vendors-base.49988a0f.chunk.js:1
[266079818ms] [LOG] Graph successfully started running. @ https://b.stripecdn.com/gelato-statics-srv/assets/static/js/vendors-base.49988a0f.chunk.js:1
