[   76803ms] [WARNING] Allow attribute will take precedence over 'allowfullscreen'. @ :37
[   77022ms] [ERROR] Permissions policy violation: compute-pressure is not allowed in this document. @ https://www.youtube.com/s/player/8456c9de/player_embed_es6.vflset/es_ES/base.js:5074
[  120713ms] [LOG] Navigation listeners online @ https://www.redditstatic.com/shreddit/es-ES/Bua5s4rSa4.js:0
[  120732ms] [WARNING] <meta name="apple-mobile-web-app-capable" content="yes"> is deprecated. Please include <meta name="mobile-web-app-capable" content="yes"> @ https://www.reddit.com/login/?dest=https%3A%2F%2Fwww.reddit.com%2Fr%2Fcommandline%2Fsubmit%2F:0
[  120743ms] [INFO] Banner not shown: beforeinstallpromptevent.preventDefault() called. The page must call beforeinstallpromptevent.prompt() to show the banner. @ https://www.reddit.com/login/?dest=https%3A%2F%2Fwww.reddit.com%2Fr%2Fcommandline%2Fsubmit%2F:0
[  158270ms] [WARNING] <link rel=preload> must have a valid `as` value @ https://www.redditstatic.com/shreddit/es-ES/Bua5s4rSa4.js:0
[  182465ms] Error: Connection has been terminated.
    at closed (https://www.redditstatic.com/shreddit/es-ES/Bua5s4rSa4.js:1:247568)
    at Object.emit (https://www.redditstatic.com/shreddit/es-ES/Bua5s4rSa4.js:1:242415)
    at n.onclose (https://www.redditstatic.com/shreddit/es-ES/Bua5s4rSa4.js:1:243176)
[  431661ms] [ERROR] Executing inline script violates the following Content Security Policy directive 'script-src 'self' 'nonce-xgSxH/RNXTK+kHLoVtOJhA==' 'wasm-eval' 'unsafe-eval' www.googletagmanager.com/gtag/js www.redditstatic.com www.google.com/recaptcha/'. Either the 'unsafe-inline' keyword, a hash ('sha256-eMcM4P7fJKemvbOvjKUxne/uOdp6GRg5qXUmMu/dC6A='), or a nonce ('nonce-...') is required to enable inline execution. The action has been blocked. @ https://developers.reddit.com/?utm_source=reddit&utm_medium=left_nav_resources:5
[  431661ms] [INFO] Executing inline script violates the following Content Security Policy directive 'script-src 'self' 'nonce-xgSxH/RNXTK+kHLoVtOJhA==' 'wasm-eval' 'unsafe-eval' www.googletagmanager.com/gtag/js www.redditstatic.com www.google.com/recaptcha/'. Either the 'unsafe-inline' keyword, a hash ('sha256-eMcM4P7fJKemvbOvjKUxne/uOdp6GRg5qXUmMu/dC6A='), or a nonce ('nonce-...') is required to enable inline execution. The policy is report-only, so the violation has been logged but no further action has been taken. @ https://developers.reddit.com/?utm_source=reddit&utm_medium=left_nav_resources:5
[  432056ms] [ERROR] Failed to load resource: the server responded with a status of 404 () @ https://www.redditstatic.com/devvit-dev-portal/chunks/generated/locales/client/es-ES.js:0
[  432056ms] Failed to fetch dynamically imported module: https://www.redditstatic.com/devvit-dev-portal/chunks/generated/locales/client/es-ES.js
[  442789ms] [ERROR] Executing inline script violates the following Content Security Policy directive 'script-src 'self' 'nonce-qhOIhHI8wu1/OGBzdc0XCg==' 'wasm-eval' 'unsafe-eval' www.googletagmanager.com/gtag/js www.redditstatic.com www.google.com/recaptcha/'. Either the 'unsafe-inline' keyword, a hash ('sha256-eMcM4P7fJKemvbOvjKUxne/uOdp6GRg5qXUmMu/dC6A='), or a nonce ('nonce-...') is required to enable inline execution. The action has been blocked. @ https://developers.reddit.com/app-registration:5
[  442789ms] [INFO] Executing inline script violates the following Content Security Policy directive 'script-src 'self' 'nonce-qhOIhHI8wu1/OGBzdc0XCg==' 'wasm-eval' 'unsafe-eval' www.googletagmanager.com/gtag/js www.redditstatic.com www.google.com/recaptcha/'. Either the 'unsafe-inline' keyword, a hash ('sha256-eMcM4P7fJKemvbOvjKUxne/uOdp6GRg5qXUmMu/dC6A='), or a nonce ('nonce-...') is required to enable inline execution. The policy is report-only, so the violation has been logged but no further action has been taken. @ https://developers.reddit.com/app-registration:5
[  442841ms] [ERROR] Failed to load resource: the server responded with a status of 404 () @ https://www.redditstatic.com/devvit-dev-portal/chunks/generated/locales/client/es-ES.js:0
[  442848ms] Failed to fetch dynamically imported module: https://www.redditstatic.com/devvit-dev-portal/chunks/generated/locales/client/es-ES.js
[  442873ms] [WARNING] Unable to determine the page type for the current view - this may need to be fixed if this is a "real" page. @ https://www.redditstatic.com/devvit-dev-portal/chunks/chunk-YO6PWTW4.js:67483
[  450593ms] [ERROR] Executing inline script violates the following Content Security Policy directive 'script-src 'self' 'nonce-TnixzEeK5FUnTNXAlN7WDQ==' 'wasm-eval' 'unsafe-eval' www.googletagmanager.com/gtag/js www.redditstatic.com www.google.com/recaptcha/'. Either the 'unsafe-inline' keyword, a hash ('sha256-eMcM4P7fJKemvbOvjKUxne/uOdp6GRg5qXUmMu/dC6A='), or a nonce ('nonce-...') is required to enable inline execution. The action has been blocked. @ https://developers.reddit.com/app-registration/createDevAccount:5
[  450593ms] [INFO] Executing inline script violates the following Content Security Policy directive 'script-src 'self' 'nonce-TnixzEeK5FUnTNXAlN7WDQ==' 'wasm-eval' 'unsafe-eval' www.googletagmanager.com/gtag/js www.redditstatic.com www.google.com/recaptcha/'. Either the 'unsafe-inline' keyword, a hash ('sha256-eMcM4P7fJKemvbOvjKUxne/uOdp6GRg5qXUmMu/dC6A='), or a nonce ('nonce-...') is required to enable inline execution. The policy is report-only, so the violation has been logged but no further action has been taken. @ https://developers.reddit.com/app-registration/createDevAccount:5
[  450734ms] [ERROR] Failed to load resource: the server responded with a status of 404 () @ https://www.redditstatic.com/devvit-dev-portal/chunks/generated/locales/client/es-ES.js:0
[  450737ms] Failed to fetch dynamically imported module: https://www.redditstatic.com/devvit-dev-portal/chunks/generated/locales/client/es-ES.js
[  450772ms] [WARNING] Unable to determine the page type for the current view - this may need to be fixed if this is a "real" page. @ https://www.redditstatic.com/devvit-dev-portal/chunks/chunk-YO6PWTW4.js:67483
[  455111ms] [ERROR] Executing inline script violates the following Content Security Policy directive 'script-src 'self' 'nonce-VeR3OtWP7Fg/XY5QwH4KHA==' 'wasm-eval' 'unsafe-eval' www.googletagmanager.com/gtag/js www.redditstatic.com www.google.com/recaptcha/'. Either the 'unsafe-inline' keyword, a hash ('sha256-eMcM4P7fJKemvbOvjKUxne/uOdp6GRg5qXUmMu/dC6A='), or a nonce ('nonce-...') is required to enable inline execution. The action has been blocked. @ https://developers.reddit.com/app-registration/appAccountAuth:5
[  455111ms] [INFO] Executing inline script violates the following Content Security Policy directive 'script-src 'self' 'nonce-VeR3OtWP7Fg/XY5QwH4KHA==' 'wasm-eval' 'unsafe-eval' www.googletagmanager.com/gtag/js www.redditstatic.com www.google.com/recaptcha/'. Either the 'unsafe-inline' keyword, a hash ('sha256-eMcM4P7fJKemvbOvjKUxne/uOdp6GRg5qXUmMu/dC6A='), or a nonce ('nonce-...') is required to enable inline execution. The policy is report-only, so the violation has been logged but no further action has been taken. @ https://developers.reddit.com/app-registration/appAccountAuth:5
[  455249ms] [ERROR] Failed to load resource: the server responded with a status of 404 () @ https://www.redditstatic.com/devvit-dev-portal/chunks/generated/locales/client/es-ES.js:0
[  455250ms] Failed to fetch dynamically imported module: https://www.redditstatic.com/devvit-dev-portal/chunks/generated/locales/client/es-ES.js
[  455273ms] [WARNING] Unable to determine the page type for the current view - this may need to be fixed if this is a "real" page. @ https://www.redditstatic.com/devvit-dev-portal/chunks/chunk-YO6PWTW4.js:67483
[  481627ms] [ERROR] Executing inline script violates the following Content Security Policy directive 'script-src 'self' 'nonce-0yv83JT6dWrOAN84pIV4BQ==' 'wasm-eval' 'unsafe-eval' www.googletagmanager.com/gtag/js www.redditstatic.com www.google.com/recaptcha/'. Either the 'unsafe-inline' keyword, a hash ('sha256-eMcM4P7fJKemvbOvjKUxne/uOdp6GRg5qXUmMu/dC6A='), or a nonce ('nonce-...') is required to enable inline execution. The action has been blocked. @ https://developers.reddit.com/app-registration/appAccountAuth:5
[  481627ms] [INFO] Executing inline script violates the following Content Security Policy directive 'script-src 'self' 'nonce-0yv83JT6dWrOAN84pIV4BQ==' 'wasm-eval' 'unsafe-eval' www.googletagmanager.com/gtag/js www.redditstatic.com www.google.com/recaptcha/'. Either the 'unsafe-inline' keyword, a hash ('sha256-eMcM4P7fJKemvbOvjKUxne/uOdp6GRg5qXUmMu/dC6A='), or a nonce ('nonce-...') is required to enable inline execution. The policy is report-only, so the violation has been logged but no further action has been taken. @ https://developers.reddit.com/app-registration/appAccountAuth:5
[  481719ms] [ERROR] Failed to load resource: the server responded with a status of 404 () @ https://www.redditstatic.com/devvit-dev-portal/chunks/generated/locales/client/es-ES.js:0
[  481721ms] Failed to fetch dynamically imported module: https://www.redditstatic.com/devvit-dev-portal/chunks/generated/locales/client/es-ES.js
[  481757ms] [WARNING] Unable to determine the page type for the current view - this may need to be fixed if this is a "real" page. @ https://www.redditstatic.com/devvit-dev-portal/chunks/chunk-YO6PWTW4.js:67483
[  500462ms] [ERROR] Executing inline script violates the following Content Security Policy directive 'script-src 'self' 'nonce-UNpIblDCfiNr2r8vVz/Qkg==' 'wasm-eval' 'unsafe-eval' www.googletagmanager.com/gtag/js www.redditstatic.com www.google.com/recaptcha/'. Either the 'unsafe-inline' keyword, a hash ('sha256-eMcM4P7fJKemvbOvjKUxne/uOdp6GRg5qXUmMu/dC6A='), or a nonce ('nonce-...') is required to enable inline execution. The action has been blocked. @ https://developers.reddit.com/app-registration/appAccountAuth:5
[  500463ms] [INFO] Executing inline script violates the following Content Security Policy directive 'script-src 'self' 'nonce-UNpIblDCfiNr2r8vVz/Qkg==' 'wasm-eval' 'unsafe-eval' www.googletagmanager.com/gtag/js www.redditstatic.com www.google.com/recaptcha/'. Either the 'unsafe-inline' keyword, a hash ('sha256-eMcM4P7fJKemvbOvjKUxne/uOdp6GRg5qXUmMu/dC6A='), or a nonce ('nonce-...') is required to enable inline execution. The policy is report-only, so the violation has been logged but no further action has been taken. @ https://developers.reddit.com/app-registration/appAccountAuth:5
[  500565ms] [ERROR] Failed to load resource: the server responded with a status of 404 () @ https://www.redditstatic.com/devvit-dev-portal/chunks/generated/locales/client/es-ES.js:0
[  500566ms] Failed to fetch dynamically imported module: https://www.redditstatic.com/devvit-dev-portal/chunks/generated/locales/client/es-ES.js
[  500592ms] [WARNING] Unable to determine the page type for the current view - this may need to be fixed if this is a "real" page. @ https://www.redditstatic.com/devvit-dev-portal/chunks/chunk-YO6PWTW4.js:67483
[  506840ms] [ERROR] Executing inline script violates the following Content Security Policy directive 'script-src 'self' 'nonce-Q9IYYUhSbHmoIkNa4Ba8oQ==' 'wasm-eval' 'unsafe-eval' www.googletagmanager.com/gtag/js www.redditstatic.com www.google.com/recaptcha/'. Either the 'unsafe-inline' keyword, a hash ('sha256-eMcM4P7fJKemvbOvjKUxne/uOdp6GRg5qXUmMu/dC6A='), or a nonce ('nonce-...') is required to enable inline execution. The action has been blocked. @ https://developers.reddit.com/apps:5
[  506840ms] [INFO] Executing inline script violates the following Content Security Policy directive 'script-src 'self' 'nonce-Q9IYYUhSbHmoIkNa4Ba8oQ==' 'wasm-eval' 'unsafe-eval' www.googletagmanager.com/gtag/js www.redditstatic.com www.google.com/recaptcha/'. Either the 'unsafe-inline' keyword, a hash ('sha256-eMcM4P7fJKemvbOvjKUxne/uOdp6GRg5qXUmMu/dC6A='), or a nonce ('nonce-...') is required to enable inline execution. The policy is report-only, so the violation has been logged but no further action has been taken. @ https://developers.reddit.com/apps:5
[  507115ms] [INFO] Loading the image 'https://i.redd.it/vjlh5ukr3tug1.png' violates the following Content Security Policy directive: "img-src 'self' blob: data: styles.redditmedia.com www.redditstatic.com *.redditmedia.com". The policy is report-only, so the violation has been logged but no further action has been taken. @ https://developers.reddit.com/apps:0
[  507130ms] [ERROR] Failed to load resource: the server responded with a status of 404 () @ https://www.redditstatic.com/devvit-dev-portal/chunks/generated/locales/client/es-ES.js:0
[  507131ms] Failed to fetch dynamically imported module: https://www.redditstatic.com/devvit-dev-portal/chunks/generated/locales/client/es-ES.js
[  511785ms] [ERROR] Executing inline script violates the following Content Security Policy directive 'script-src 'self' 'nonce-jZs8HsdAPQqSMm2fYko4Rw==' 'wasm-eval' 'unsafe-eval' www.googletagmanager.com/gtag/js www.redditstatic.com www.google.com/recaptcha/'. Either the 'unsafe-inline' keyword, a hash ('sha256-eMcM4P7fJKemvbOvjKUxne/uOdp6GRg5qXUmMu/dC6A='), or a nonce ('nonce-...') is required to enable inline execution. The action has been blocked. @ https://developers.reddit.com/my/settings:5
[  511785ms] [INFO] Executing inline script violates the following Content Security Policy directive 'script-src 'self' 'nonce-jZs8HsdAPQqSMm2fYko4Rw==' 'wasm-eval' 'unsafe-eval' www.googletagmanager.com/gtag/js www.redditstatic.com www.google.com/recaptcha/'. Either the 'unsafe-inline' keyword, a hash ('sha256-eMcM4P7fJKemvbOvjKUxne/uOdp6GRg5qXUmMu/dC6A='), or a nonce ('nonce-...') is required to enable inline execution. The policy is report-only, so the violation has been logged but no further action has been taken. @ https://developers.reddit.com/my/settings:5
[  512070ms] [ERROR] Failed to load resource: the server responded with a status of 404 () @ https://www.redditstatic.com/devvit-dev-portal/chunks/generated/locales/client/es-ES.js:0
[  512070ms] Failed to fetch dynamically imported module: https://www.redditstatic.com/devvit-dev-portal/chunks/generated/locales/client/es-ES.js
[  512092ms] [WARNING] Unable to determine the page type for the current view - this may need to be fixed if this is a "real" page. @ https://www.redditstatic.com/devvit-dev-portal/chunks/chunk-YO6PWTW4.js:67483
